<?xml version="1.0" encoding="UTF-8"?>
<testng-results ignored="0" total="1" passed="1" failed="0" skipped="0">
  <reporter-output>
  </reporter-output>
  <suite started-at="2024-07-22T17:23:38 IST" name="Orange-HRM" finished-at="2024-07-22T17:24:05 IST" duration-ms="26249">
    <groups>
    </groups>
    <test started-at="2024-07-22T17:23:38 IST" name="Sanity Test" finished-at="2024-07-22T17:24:05 IST" duration-ms="26249">
      <class name="com.testCase.in.OHRM_TCL_014">
        <test-method is-config="true" signature="extentReportSetup()[pri:0, instance:com.testCase.in.OHRM_TCL_014@a43ce46]" started-at="2024-07-22T17:23:38 IST" name="extentReportSetup" finished-at="2024-07-22T17:23:39 IST" duration-ms="102" status="PASS">
          <reporter-output>
          </reporter-output>
        </test-method> <!-- extentReportSetup -->
        <test-method is-config="true" signature="initialSetup(java.lang.String)[pri:0, instance:com.testCase.in.OHRM_TCL_014@a43ce46]" started-at="2024-07-22T17:23:39 IST" name="initialSetup" finished-at="2024-07-22T17:23:40 IST" duration-ms="1263" status="PASS">
          <params>
            <param index="0">
              <value>
                <![CDATA[chrome]]>
              </value>
            </param>
          </params>
          <reporter-output>
          </reporter-output>
        </test-method> <!-- initialSetup -->
        <test-method is-config="true" signature="openBrowserURL(java.lang.String)[pri:0, instance:com.testCase.in.OHRM_TCL_014@a43ce46]" started-at="2024-07-22T17:23:40 IST" name="openBrowserURL" finished-at="2024-07-22T17:23:51 IST" duration-ms="10405" status="PASS">
          <params>
            <param index="0">
              <value>
                <![CDATA[https://opensource-demo.orangehrmlive.com/web/index.php/auth/login]]>
              </value>
            </param>
          </params>
          <reporter-output>
          </reporter-output>
        </test-method> <!-- openBrowserURL -->
        <test-method signature="loginByKeyboardkeys(java.lang.String,java.lang.String)[pri:0, instance:com.testCase.in.OHRM_TCL_014@a43ce46]" started-at="2024-07-22T17:23:51 IST" name="loginByKeyboardkeys" data-provider="login13" finished-at="2024-07-22T17:24:04 IST" duration-ms="13287" status="PASS">
          <params>
            <param index="0">
              <value>
                <![CDATA[Admin]]>
              </value>
            </param>
            <param index="1">
              <value>
                <![CDATA[admin123]]>
              </value>
            </param>
          </params>
          <reporter-output>
          </reporter-output>
        </test-method> <!-- loginByKeyboardkeys -->
        <test-method is-config="true" signature="Failed(org.testng.ITestResult)[pri:0, instance:com.testCase.in.OHRM_TCL_014@a43ce46]" started-at="2024-07-22T17:24:04 IST" name="Failed" finished-at="2024-07-22T17:24:04 IST" duration-ms="137" status="PASS">
          <params>
            <param index="0">
              <value>
                <![CDATA[[TestResult name=loginByKeyboardkeys status=SUCCESS method=OHRM_TCL_014.loginByKeyboardkeys(java.lang.String,java.lang.String)[pri:0, instance:com.testCase.in.OHRM_TCL_014@a43ce46] output={null}]]]>
              </value>
            </param>
          </params>
          <reporter-output>
          </reporter-output>
        </test-method> <!-- Failed -->
        <test-method is-config="true" signature="extentClose()[pri:0, instance:com.testCase.in.OHRM_TCL_014@a43ce46]" started-at="2024-07-22T17:24:04 IST" name="extentClose" finished-at="2024-07-22T17:24:05 IST" duration-ms="546" status="PASS">
          <reporter-output>
          </reporter-output>
        </test-method> <!-- extentClose -->
      </class> <!-- com.testCase.in.OHRM_TCL_014 -->
    </test> <!-- Sanity Test -->
  </suite> <!-- Orange-HRM -->
</testng-results>
