<?xml version="1.0" encoding="UTF-8"?>
<!-- Generated by org.testng.reporters.JUnitReportReporter -->
<testsuite hostname="Divya" failures="0" tests="2" name="com.testCase.in.OHRM_TCL_025" time="38.002" errors="0" timestamp="2024-07-25T17:11:07 IST" skipped="0">
  <testcase classname="com.testCase.in.OHRM_TCL_025" name="vUsvPw" time="27.136"/>
  <testcase classname="com.testCase.in.OHRM_TCL_025" name="OpeningBrowserwithoutLoggedOut" time="10.866"/>
</testsuite> <!-- com.testCase.in.OHRM_TCL_025 -->
